<?xml version="1.0" encoding="UTF-8" ?>
<testsuite tests="3" failures="1" name="com.azmi.jacob.e2e.test.CucumberRunner" time="25.878" errors="0" skipped="0">
  <properties>
[...]
</properties>
  <testcase classname="Check local file description of vehicle matches information online" name="all content of the input .txt file is read with empty lines removed" time="0.4"/>
  <testcase classname="Check local file description of vehicle matches information online" name="vehicle registration(s) extracted from text file" time="0.029"/>
  <testcase classname="Check local file description of vehicle matches information online" name="vehicle registrations extracted from file and information compared against online description" time="25.449">
    <failure message="Some stored records do not match online records" type="java.lang.AssertionError">java.lang.AssertionError: Some stored records do not match online records
	at org.junit.Assert.fail(Assert.java:89)
	at org.junit.Assert.assertTrue(Assert.java:42)
	at org.junit.Assert.assertFalse(Assert.java:65)
	at com.azmi.jacob.e2e.test.CheckCarDetailsStepdefs.theInformationIsConfirmedAsCorrect(CheckCarDetailsStepdefs.java:207)
	at ✽.the information is confirmed as correct(file:///C:/Users/Jacob/IdeaProjects/E2ETest/src/test/resources/features/CheckCarDetails.feature:28)
</failure>
    <system-out>
Scenario Outline: vehicle registrations extracted from file and information compared against online description &amp;#27;[90m# src/test/resources/features/CheckCarDetails.feature:32&amp;#27;[0m
  &amp;#27;[32mGiven &amp;#27;[0m&amp;#27;[32mi have file &amp;#27;[0m&amp;#27;[32m&amp;#27;[1m&quot;car_input.txt&quot;&amp;#27;[0m&amp;#27;[32m with UK vehicle registrations in&amp;#27;[0m                                            &amp;#27;[90m# com.azmi.jacob.e2e.test.CheckCarDetailsStepdefs.iHaveFileWithUKVehicleRegistrationsIn(java.lang.String)&amp;#27;[0m
Webpage info: [DN09HRM, BMW, 320D Se, Black, 2009]
Webpage info: [null]
Webpage info: [KT17DLX, Skoda, Superb Sportline Tdi S-A, White, 2017]
Webpage info: [SG18HTN, Volkswagen, Golf Se Navigation Tsi Evo, White, 2018]
  &amp;#27;[32mWhen &amp;#27;[0m&amp;#27;[32mi search a registration at &amp;#27;[0m&amp;#27;[32m&amp;#27;[1m&quot;https://cartaxcheck.co.uk/&quot;&amp;#27;[0m                                                  &amp;#27;[90m# com.azmi.jacob.e2e.test.CheckCarDetailsStepdefs.iSearchARegistrationAt(java.lang.String)&amp;#27;[0m
Scanning file for: DN09HRM
Info retrieved from file: [DN09HRM, BMW, 320D Se, Black, 2009]
Scanning file for: BW57BOW
No info in file
Scanning file for: KT17DLX
Info retrieved from file: [KT17DLX, Skoda, Superb Sportline Tdi S-A, White, 2017]
Scanning file for: SG18HTN
Info retrieved from file: [SG18HTN, Volkswagen, Golf Se Navigation Tsi Evo, White, 2018]
File info: [[DN09HRM, BMW, 320D Se, Black, 2009], [], [KT17DLX, Skoda, Superb Sportline Tdi S-A, White, 2017], [SG18HTN, Volkswagen, Golf Se Navigation Tsi Evo, White, 2018]]
Web info: [[DN09HRM, BMW, 320D Se, Black, 2009], [null], [KT17DLX, Skoda, Superb Sportline Tdi S-A, White, 2017], [SG18HTN, Volkswagen, Golf Se Navigation Tsi Evo, White, 2018]]
  &amp;#27;[32mThen &amp;#27;[0m&amp;#27;[32mthe information is compared against the stored records in &amp;#27;[0m&amp;#27;[32m&amp;#27;[1m&quot;car_output.txt&quot;&amp;#27;[0m                               &amp;#27;[90m# com.azmi.jacob.e2e.test.CheckCarDetailsStepdefs.theInformationIsComparedAgainstTheStoredRecordsIn(java.lang.String)&amp;#27;[0m
Matches: [[DN09HRM, correct match], [BW57BOW, incorrect match], [KT17DLX, correct match], [SG18HTN, correct match]]
  &amp;#27;[31mAnd &amp;#27;[0m&amp;#27;[31mthe information is confirmed as correct&amp;#27;[0m                                                                   &amp;#27;[90m# com.azmi.jacob.e2e.test.CheckCarDetailsStepdefs.theInformationIsConfirmedAsCorrect()&amp;#27;[0m
      &amp;#27;[31mjava.lang.AssertionError: Some stored records do not match online records
	at org.junit.Assert.fail(Assert.java:89)
	at org.junit.Assert.assertTrue(Assert.java:42)
	at org.junit.Assert.assertFalse(Assert.java:65)
	at com.azmi.jacob.e2e.test.CheckCarDetailsStepdefs.theInformationIsConfirmedAsCorrect(CheckCarDetailsStepdefs.java:207)
	at ?.the information is confirmed as correct(file:///C:/Users/Jacob/IdeaProjects/E2ETest/src/test/resources/features/CheckCarDetails.feature:28)
&amp;#27;[0m
</system-out>
    <system-err>SLF4J: Failed to load class &quot;org.slf4j.impl.StaticLoggerBinder&quot;.
SLF4J: Defaulting to no-operation (NOP) logger implementation
SLF4J: See http://www.slf4j.org/codes.html#StaticLoggerBinder for further details.
Starting ChromeDriver 96.0.4664.45 (76e4c1bb2ab4671b8beba3444e61c0f17584b2fc-refs/branch-heads/4664@{#947}) on port 24136
Only local connections are allowed.
Please see https://chromedriver.chromium.org/security-considerations for suggestions on keeping ChromeDriver safe.
ChromeDriver was started successfully.
Dec 17, 2021 12:00:55 PM org.openqa.selenium.remote.ProtocolHandshake createSession
INFO: Detected dialect: W3C
Starting ChromeDriver 96.0.4664.45 (76e4c1bb2ab4671b8beba3444e61c0f17584b2fc-refs/branch-heads/4664@{#947}) on port 33499
Only local connections are allowed.
Please see https://chromedriver.chromium.org/security-considerations for suggestions on keeping ChromeDriver safe.
ChromeDriver was started successfully.
Dec 17, 2021 12:01:01 PM org.openqa.selenium.remote.ProtocolHandshake createSession
INFO: Detected dialect: W3C
Starting ChromeDriver 96.0.4664.45 (76e4c1bb2ab4671b8beba3444e61c0f17584b2fc-refs/branch-heads/4664@{#947}) on port 14045
Only local connections are allowed.
Please see https://chromedriver.chromium.org/security-considerations for suggestions on keeping ChromeDriver safe.
ChromeDriver was started successfully.
Dec 17, 2021 12:01:06 PM org.openqa.selenium.remote.ProtocolHandshake createSession
INFO: Detected dialect: W3C
Starting ChromeDriver 96.0.4664.45 (76e4c1bb2ab4671b8beba3444e61c0f17584b2fc-refs/branch-heads/4664@{#947}) on port 26826
Only local connections are allowed.
Please see https://chromedriver.chromium.org/security-considerations for suggestions on keeping ChromeDriver safe.
ChromeDriver was started successfully.
Dec 17, 2021 12:01:13 PM org.openqa.selenium.remote.ProtocolHandshake createSession
INFO: Detected dialect: W3C
</system-err>
  </testcase>
</testsuite>